<?xml version="1.0" encoding="UTF-8"?>
<!-- Generated by org.testng.reporters.JUnitReportReporter -->
<testsuite hostname="DESKTOP-SHS08M3" name="FailedTestCases.Test2" tests="1" failures="0" timestamp="7 Apr 2018 04:43:13 GMT" time="0.014" errors="0">
  <testcase name="Test2" time="0.014" classname="FailedTestCases.Test2"/>
</testsuite> <!-- FailedTestCases.Test2 -->
