<?xml version="1.0" encoding="UTF-8"?>
<!-- Generated by org.testng.reporters.JUnitReportReporter -->
<testsuite hostname="DESKTOP-SHS08M3" name="AfterComplete.T" tests="1" failures="0" timestamp="3 Apr 2018 14:01:47 GMT" time="7.958" errors="0">
  <testcase name="set" time="7.958" classname="AfterComplete.T"/>
</testsuite> <!-- AfterComplete.T -->
