<?xml version="1.0" encoding="UTF-8"?>
<!-- Generated by org.testng.reporters.JUnitReportReporter -->
<testsuite hostname="DESKTOP-SHS08M3" name="package1.Scroll" tests="1" failures="0" timestamp="6 Apr 2018 04:49:54 GMT" time="18.550" errors="0">
  <testcase name="setup" time="18.550" classname="package1.Scroll"/>
</testsuite> <!-- package1.Scroll -->
