<?xml version="1.0" encoding="UTF-8"?>
<!-- Generated by org.testng.reporters.JUnitReportReporter -->
<testsuite hostname="DESKTOP-SHS08M3" name="package1.BrokenLink" tests="1" failures="0" timestamp="30 Mar 2018 18:23:16 GMT" time="45.904" errors="0">
  <testcase name="main" time="45.904" classname="package1.BrokenLink"/>
</testsuite> <!-- package1.BrokenLink -->
