<?xml version="1.0" encoding="UTF-8"?>
<!-- Generated by org.testng.reporters.JUnitReportReporter -->
<testsuite hostname="DESKTOP-SHS08M3" name="FailedTestCases.Test1" tests="1" failures="0" timestamp="7 Apr 2018 04:38:22 GMT" time="0.038" errors="0">
  <testcase name="Test1" time="0.038" classname="FailedTestCases.Test1"/>
</testsuite> <!-- FailedTestCases.Test1 -->
