<?xml version="1.0" encoding="UTF-8"?>
<!-- Generated by org.testng.reporters.JUnitReportReporter -->
<testsuite hostname="DESKTOP-SHS08M3" name="package1.TestNGThread" tests="5" failures="0" timestamp="6 Apr 2018 04:29:02 GMT" time="109.347" errors="0">
  <testcase name="testGoogleSearch" time="24.214" classname="package1.TestNGThread"/>
  <testcase name="testGoogleSearch" time="22.129" classname="package1.TestNGThread"/>
  <testcase name="testGoogleSearch" time="18.747" classname="package1.TestNGThread"/>
  <testcase name="testGoogleSearch" time="22.110" classname="package1.TestNGThread"/>
  <testcase name="testGoogleSearch" time="22.147" classname="package1.TestNGThread"/>
</testsuite> <!-- package1.TestNGThread -->
