<?xml version="1.0" encoding="UTF-8"?>
<!-- Generated by org.testng.reporters.JUnitReportReporter -->
<testsuite skipped="0" hostname="DESKTOP-SHS08M3" name="Dataprovider.dataprovider1" tests="2" failures="0" timestamp="11 Apr 2018 17:08:56 GMT" time="0.048" errors="0">
  <testcase name="gmail" time="0.030" classname="Dataprovider.dataprovider1"/>
  <testcase name="gmail" time="0.018" classname="Dataprovider.dataprovider1"/>
</testsuite> <!-- Dataprovider.dataprovider1 -->
