<?xml version="1.0" encoding="UTF-8"?>
<!-- Generated by org.testng.reporters.JUnitReportReporter -->
<testsuite hostname="DESKTOP-SHS08M3" name="FailedTestCases.Test3" tests="1" failures="0" timestamp="7 Apr 2018 04:38:22 GMT" time="0.008" errors="0">
  <testcase name="test3" time="0.008" classname="FailedTestCases.Test3"/>
</testsuite> <!-- FailedTestCases.Test3 -->
